<?xml version="1.0" encoding="UTF-8"?>
<testng-results skipped="1" failed="1" ignored="0" total="2" passed="0">
  <reporter-output>
  </reporter-output>
  <suite name="MiniRegression" duration-ms="56773" started-at="2017-03-01T08:45:40Z" finished-at="2017-03-01T08:46:37Z">
    <groups>
      <group name="Demo">
        <method signature="示例用例.示例方法()[pri:0, instance:com.sevenstar.testcases.示例用例@3ffcd140]" name="示例方法" class="com.sevenstar.testcases.示例用例"/>
      </group> <!-- Demo -->
    </groups>
    <test name="Default test" duration-ms="56773" started-at="2017-03-01T08:45:40Z" finished-at="2017-03-01T08:46:37Z">
      <class name="com.sevenstar.testcases.示例用例">
        <test-method status="PASS" signature="setUp()[pri:0, instance:com.sevenstar.testcases.示例用例@3ffcd140]" name="setUp" is-config="true" duration-ms="16367" started-at="2017-03-01T16:45:40Z" finished-at="2017-03-01T16:45:56Z">
          <reporter-output>
          </reporter-output>
        </test-method> <!-- setUp -->
        <test-method status="FAIL" signature="示例方法()[pri:0, instance:com.sevenstar.testcases.示例用例@3ffcd140]" name="示例方法" duration-ms="40188" started-at="2017-03-01T16:45:56Z" finished-at="2017-03-01T16:46:37Z">
          <exception class="org.openqa.selenium.WebDriverException">
            <message>
              <![CDATA[chrome not reachable
  (Session info: chrome=56.0.2924.87)
  (Driver info: chromedriver=2.27.440174 (e97a722caafc2d3a8b807ee115bfb307f7d2cfd9),platform=Windows NT 10.0.14393 x86_64) (WARNING: The server did not provide any stacktrace information)
Command duration or timeout: 4.01 seconds
Build info: version: '3.0.1', revision: '1969d75', time: '2016-10-18 09:49:13 -0700'
System info: host: 'JACKSON', ip: '192.168.5.88', os.name: 'Windows 10', os.arch: 'amd64', os.version: '10.0', java.version: '1.8.0_112'
Driver info: org.openqa.selenium.chrome.ChromeDriver
Capabilities [{applicationCacheEnabled=false, rotatable=false, mobileEmulationEnabled=false, networkConnectionEnabled=false, chrome={chromedriverVersion=2.27.440174 (e97a722caafc2d3a8b807ee115bfb307f7d2cfd9), userDataDir=C:\Users\Dell\AppData\Local\Temp\scoped_dir12928_15590}, takesHeapSnapshot=true, pageLoadStrategy=normal, databaseEnabled=false, handlesAlerts=true, hasTouchScreen=false, version=56.0.2924.87, platform=XP, browserConnectionEnabled=false, nativeEvents=true, acceptSslCerts=true, locationContextEnabled=true, webStorageEnabled=true, browserName=chrome, takesScreenshot=true, javascriptEnabled=true, cssSelectorsEnabled=true, unexpectedAlertBehaviour=}]
Session ID: c91577594690b322b516823f6d9b5cae
*** Element info: {Using=xpath, value=//*[@id='limit_odds']}]]>
            </message>
            <full-stacktrace>
              <![CDATA[org.openqa.selenium.WebDriverException: chrome not reachable
  (Session info: chrome=56.0.2924.87)
  (Driver info: chromedriver=2.27.440174 (e97a722caafc2d3a8b807ee115bfb307f7d2cfd9),platform=Windows NT 10.0.14393 x86_64) (WARNING: The server did not provide any stacktrace information)
Command duration or timeout: 4.01 seconds
Build info: version: '3.0.1', revision: '1969d75', time: '2016-10-18 09:49:13 -0700'
System info: host: 'JACKSON', ip: '192.168.5.88', os.name: 'Windows 10', os.arch: 'amd64', os.version: '10.0', java.version: '1.8.0_112'
Driver info: org.openqa.selenium.chrome.ChromeDriver
Capabilities [{applicationCacheEnabled=false, rotatable=false, mobileEmulationEnabled=false, networkConnectionEnabled=false, chrome={chromedriverVersion=2.27.440174 (e97a722caafc2d3a8b807ee115bfb307f7d2cfd9), userDataDir=C:\Users\Dell\AppData\Local\Temp\scoped_dir12928_15590}, takesHeapSnapshot=true, pageLoadStrategy=normal, databaseEnabled=false, handlesAlerts=true, hasTouchScreen=false, version=56.0.2924.87, platform=XP, browserConnectionEnabled=false, nativeEvents=true, acceptSslCerts=true, locationContextEnabled=true, webStorageEnabled=true, browserName=chrome, takesScreenshot=true, javascriptEnabled=true, cssSelectorsEnabled=true, unexpectedAlertBehaviour=}]
Session ID: c91577594690b322b516823f6d9b5cae
*** Element info: {Using=xpath, value=//*[@id='limit_odds']}
	at sun.reflect.NativeConstructorAccessorImpl.newInstance0(Native Method)
	at sun.reflect.NativeConstructorAccessorImpl.newInstance(NativeConstructorAccessorImpl.java:62)
	at sun.reflect.DelegatingConstructorAccessorImpl.newInstance(DelegatingConstructorAccessorImpl.java:45)
	at java.lang.reflect.Constructor.newInstance(Constructor.java:423)
	at org.openqa.selenium.remote.ErrorHandler.createThrowable(ErrorHandler.java:216)
	at org.openqa.selenium.remote.ErrorHandler.throwIfResponseFailed(ErrorHandler.java:168)
	at org.openqa.selenium.remote.RemoteWebDriver.execute(RemoteWebDriver.java:635)
	at org.openqa.selenium.remote.RemoteWebDriver.findElements(RemoteWebDriver.java:393)
	at org.openqa.selenium.remote.RemoteWebDriver.findElementsByXPath(RemoteWebDriver.java:477)
	at org.openqa.selenium.By$ByXPath.findElements(By.java:356)
	at org.openqa.selenium.remote.RemoteWebDriver.findElements(RemoteWebDriver.java:356)
	at com.mte.base.MteSenseCore.isElementExist(MteSenseCore.java:270)
	at com.mte.base.MteSenseCore.getText(MteSenseCore.java:938)
	at com.sevenstar.task.前台公用任务.快打下注(前台公用任务.java:98)
	at com.sevenstar.testcases.示例用例.示例方法(示例用例.java:63)
	at sun.reflect.NativeMethodAccessorImpl.invoke0(Native Method)
	at sun.reflect.NativeMethodAccessorImpl.invoke(NativeMethodAccessorImpl.java:62)
	at sun.reflect.DelegatingMethodAccessorImpl.invoke(DelegatingMethodAccessorImpl.java:43)
	at java.lang.reflect.Method.invoke(Method.java:498)
	at org.testng.internal.MethodInvocationHelper.invokeMethod(MethodInvocationHelper.java:104)
	at org.testng.internal.Invoker.invokeMethod(Invoker.java:645)
	at org.testng.internal.Invoker.invokeTestMethod(Invoker.java:851)
	at org.testng.internal.Invoker.invokeTestMethods(Invoker.java:1177)
	at org.testng.internal.TestMethodWorker.invokeTestMethods(TestMethodWorker.java:129)
	at org.testng.internal.TestMethodWorker.run(TestMethodWorker.java:112)
	at java.util.concurrent.ThreadPoolExecutor.runWorker(ThreadPoolExecutor.java:1142)
	at java.util.concurrent.ThreadPoolExecutor$Worker.run(ThreadPoolExecutor.java:617)
	at java.lang.Thread.run(Thread.java:745)
]]>
            </full-stacktrace>
          </exception> <!-- org.openqa.selenium.WebDriverException -->
          <reporter-output>
          </reporter-output>
        </test-method> <!-- 示例方法 -->
        <test-method status="PASS" signature="afterEachTest(org.testng.ITestResult)[pri:0, instance:com.sevenstar.testcases.示例用例@3ffcd140]" name="afterEachTest" is-config="true" duration-ms="189" started-at="2017-03-01T16:46:37Z" finished-at="2017-03-01T16:46:37Z">
          <params>
            <param index="0">
              <value>
                <![CDATA[[TestResult name=示例方法 status=FAILURE method=示例用例.示例方法()[pri:0, instance:com.sevenstar.testcases.示例用例@3ffcd140] output={null}]]]>
              </value>
            </param>
          </params>
          <reporter-output>
          </reporter-output>
        </test-method> <!-- afterEachTest -->
        <test-method status="SKIP" signature="示例方法二()[pri:0, instance:com.sevenstar.testcases.示例用例@3ffcd140]" name="示例方法二" duration-ms="0" started-at="2017-03-01T16:46:37Z" depends-on-methods="com.sevenstar.testcases.示例用例.示例方法" finished-at="2017-03-01T16:46:37Z">
          <exception class="java.lang.Throwable">
            <message>
              <![CDATA[Method 示例用例.示例方法二()[pri:0, instance:com.sevenstar.testcases.示例用例@3ffcd140] depends on not successfully finished methods]]>
            </message>
            <full-stacktrace>
              <![CDATA[java.lang.Throwable: Method 示例用例.示例方法二()[pri:0, instance:com.sevenstar.testcases.示例用例@3ffcd140] depends on not successfully finished methods
	at org.testng.internal.Invoker.invokeTestMethods(Invoker.java:1068)
	at org.testng.internal.TestMethodWorker.invokeTestMethods(TestMethodWorker.java:129)
	at org.testng.internal.TestMethodWorker.run(TestMethodWorker.java:112)
	at java.util.concurrent.ThreadPoolExecutor.runWorker(ThreadPoolExecutor.java:1142)
	at java.util.concurrent.ThreadPoolExecutor$Worker.run(ThreadPoolExecutor.java:617)
	at java.lang.Thread.run(Thread.java:745)
]]>
            </full-stacktrace>
          </exception> <!-- java.lang.Throwable -->
          <reporter-output>
          </reporter-output>
        </test-method> <!-- 示例方法二 -->
        <test-method status="PASS" signature="tearDown()[pri:0, instance:com.sevenstar.testcases.示例用例@3ffcd140]" name="tearDown" is-config="true" duration-ms="0" started-at="2017-03-01T16:46:37Z" finished-at="2017-03-01T16:46:37Z">
          <reporter-output>
          </reporter-output>
        </test-method> <!-- tearDown -->
        <test-method status="PASS" signature="afterSuite()[pri:0, instance:com.sevenstar.testcases.示例用例@3ffcd140]" name="afterSuite" is-config="true" duration-ms="48" started-at="2017-03-01T16:46:37Z" finished-at="2017-03-01T16:46:37Z">
          <reporter-output>
          </reporter-output>
        </test-method> <!-- afterSuite -->
      </class> <!-- com.sevenstar.testcases.示例用例 -->
    </test> <!-- Default test -->
  </suite> <!-- MiniRegression -->
</testng-results>
